0 	ACT 	2 	1 	1
48 	RD 	2 	1 	7f
24960 	REF
51040 	REF
77120 	REF
103200 	REF
129280 	REF
155360 	REF
181440 	REF
207520 	REF
233600 	REF
259680 	REF
285760 	REF
311840 	REF
337920 	REF
364000 	REF
390080 	REF
416160 	REF
442240 	REF
468320 	REF
494400 	REF
520480 	REF
546560 	REF
572640 	REF
598720 	REF
624800 	REF
650880 	REF
676960 	REF
703040 	REF
729120 	REF
755200 	REF
781280 	REF
807360 	REF
833440 	REF
859520 	REF
885600 	REF
911680 	REF
937760 	REF
963840 	REF
989920 	REF
1000016 	RD 	2 	1 	7f
