0 	ACT 	0 	0 	1
48 	RD 	0 	0 	1
1008 	ACT 	1 	0 	2
1057 	RD 	1 	0 	2
2008 	ACT 	2 	0 	3
2057 	RD 	2 	0 	3
3008 	ACT 	3 	0 	4
3057 	RD 	3 	0 	4
4008 	ACT 	0 	1 	5
4057 	RD 	0 	1 	5
5008 	ACT 	1 	1 	6
5057 	RD 	1 	1 	6
6008 	ACT 	2 	1 	7
6057 	RD 	2 	1 	7
7008 	ACT 	3 	1 	8
7057 	RD 	3 	1 	8
8008 	ACT 	0 	2 	9
8057 	RD 	0 	2 	9
9008 	ACT 	1 	2 	a
9057 	RD 	1 	2 	a
10008 	ACT 	2 	2 	b
10057 	RD 	2 	2 	b
11008 	ACT 	3 	2 	c
11057 	RD 	3 	2 	c
12008 	ACT 	0 	3 	d
12057 	RD 	0 	3 	d
13008 	ACT 	1 	3 	e
13057 	RD 	1 	3 	e
14008 	ACT 	2 	3 	f
14057 	RD 	2 	3 	f
15008 	ACT 	3 	3 	10
15057 	RD 	3 	3 	10
16016 	RD 	0 	0 	10
17016 	RD 	1 	0 	f
18016 	RD 	2 	0 	e
19016 	RD 	3 	0 	d
20016 	RD 	0 	1 	c
21016 	RD 	1 	1 	b
22016 	RD 	2 	1 	a
23016 	RD 	3 	1 	9
24016 	RD 	0 	2 	8
24960 	REF
26096 	RD 	1 	2 	7
26098 	RD 	2 	2 	6
27016 	RD 	3 	2 	5
28016 	RD 	0 	3 	4
29016 	RD 	1 	3 	3
30016 	RD 	2 	3 	2
31016 	RD 	3 	3 	1
32024 	PRE 	0 	0
32073 	ACT 	0 	0 	0
32122 	RD 	0 	0 	10
33024 	PRE 	1 	0
33073 	ACT 	1 	0 	1
33122 	RD 	1 	0 	f
34024 	PRE 	2 	0
34073 	ACT 	2 	0 	2
34122 	RD 	2 	0 	e
35024 	PRE 	3 	0
35073 	ACT 	3 	0 	3
35122 	RD 	3 	0 	d
36024 	PRE 	0 	1
36073 	ACT 	0 	1 	4
36122 	RD 	0 	1 	c
37024 	PRE 	1 	1
37073 	ACT 	1 	1 	5
37122 	RD 	1 	1 	b
38024 	PRE 	2 	1
38073 	ACT 	2 	1 	6
38122 	RD 	2 	1 	a
39024 	PRE 	3 	1
39073 	ACT 	3 	1 	7
39122 	RD 	3 	1 	9
40024 	PRE 	0 	2
40073 	ACT 	0 	2 	8
40122 	RD 	0 	2 	8
41024 	PRE 	1 	2
41073 	ACT 	1 	2 	9
41122 	RD 	1 	2 	7
42024 	PRE 	2 	2
42073 	ACT 	2 	2 	a
42122 	RD 	2 	2 	6
43024 	PRE 	3 	2
43073 	ACT 	3 	2 	b
43122 	RD 	3 	2 	5
44024 	PRE 	0 	3
44073 	ACT 	0 	3 	c
44122 	RD 	0 	3 	4
45024 	PRE 	1 	3
45073 	ACT 	1 	3 	d
45122 	RD 	1 	3 	3
46024 	PRE 	2 	3
46073 	ACT 	2 	3 	e
46122 	RD 	2 	3 	2
47024 	PRE 	3 	3
47073 	ACT 	3 	3 	f
47122 	RD 	3 	3 	1
51040 	REF
