0 	ACT 	0 	0 	1
48 	WR 	0 	0 	1
1008 	ACT 	1 	0 	2
1057 	WR 	1 	0 	2
2008 	ACT 	2 	0 	3
2057 	WR 	2 	0 	3
3008 	ACT 	3 	0 	4
3057 	WR 	3 	0 	4
4008 	ACT 	0 	1 	5
4057 	WR 	0 	1 	5
5008 	ACT 	1 	1 	6
5057 	WR 	1 	1 	6
6008 	ACT 	2 	1 	7
6057 	WR 	2 	1 	7
7008 	ACT 	3 	1 	8
7057 	WR 	3 	1 	8
8008 	ACT 	0 	2 	9
8057 	WR 	0 	2 	9
9008 	ACT 	1 	2 	a
9057 	WR 	1 	2 	a
10008 	ACT 	2 	2 	b
10057 	WR 	2 	2 	b
11008 	ACT 	3 	2 	c
11057 	WR 	3 	2 	c
12008 	ACT 	0 	3 	d
12057 	WR 	0 	3 	d
13008 	ACT 	1 	3 	e
13057 	WR 	1 	3 	e
14008 	ACT 	2 	3 	f
14057 	WR 	2 	3 	f
15008 	ACT 	3 	3 	10
15057 	WR 	3 	3 	10
16016 	RD 	0 	0 	10
17016 	RD 	1 	0 	f
18016 	RD 	2 	0 	e
19016 	RD 	3 	0 	d
20016 	RD 	0 	1 	c
21016 	RD 	1 	1 	b
22016 	RD 	2 	1 	a
23016 	RD 	3 	1 	9
24016 	RD 	0 	2 	8
24960 	REF
26096 	RD 	1 	2 	7
26098 	RD 	2 	2 	6
27016 	RD 	3 	2 	5
28016 	RD 	0 	3 	4
29016 	RD 	1 	3 	3
30016 	RD 	2 	3 	2
31016 	RD 	3 	3 	1
32040 	PRE 	0 	0
32089 	ACT 	0 	0 	0
32138 	WR 	0 	0 	10
33040 	PRE 	1 	0
33089 	ACT 	1 	0 	1
33138 	WR 	1 	0 	f
34040 	PRE 	2 	0
34089 	ACT 	2 	0 	2
34138 	WR 	2 	0 	e
35040 	PRE 	3 	0
35089 	ACT 	3 	0 	3
35138 	WR 	3 	0 	d
36040 	PRE 	0 	1
36089 	ACT 	0 	1 	4
36138 	WR 	0 	1 	c
37040 	PRE 	1 	1
37089 	ACT 	1 	1 	5
37138 	WR 	1 	1 	b
38040 	PRE 	2 	1
38089 	ACT 	2 	1 	6
38138 	WR 	2 	1 	a
39040 	PRE 	3 	1
39089 	ACT 	3 	1 	7
39138 	WR 	3 	1 	9
40040 	PRE 	0 	2
40089 	ACT 	0 	2 	8
40138 	WR 	0 	2 	8
41040 	PRE 	1 	2
41089 	ACT 	1 	2 	9
41138 	WR 	1 	2 	7
42040 	PRE 	2 	2
42089 	ACT 	2 	2 	a
42138 	WR 	2 	2 	6
43040 	PRE 	3 	2
43089 	ACT 	3 	2 	b
43138 	WR 	3 	2 	5
44040 	PRE 	0 	3
44089 	ACT 	0 	3 	c
44138 	WR 	0 	3 	4
45040 	PRE 	1 	3
45089 	ACT 	1 	3 	d
45138 	WR 	1 	3 	3
46040 	PRE 	2 	3
46089 	ACT 	2 	3 	e
46138 	WR 	2 	3 	2
47040 	PRE 	3 	3
47089 	ACT 	3 	3 	f
47138 	WR 	3 	3 	1
51040 	REF
